<?xml version="1.0" encoding="UTF-8"?>
<!-- Generated by org.testng.reporters.JUnitReportReporter -->
<testsuite skipped="0" hostname="city-PC" name="com.comcast.contactlist.CreateContactTest" tests="2" failures="0" timestamp="11 Mar 2021 10:25:25 GMT" time="0.029" errors="0">
  <testcase name="createcontactwithMobile" time="0.004" classname="com.comcast.contactlist.CreateContactTest"/>
  <testcase name="Createcontact" time="0.025" classname="com.comcast.contactlist.CreateContactTest"/>
</testsuite> <!-- com.comcast.contactlist.CreateContactTest -->
